
Detector #1      ACQ 21-7ÔÂ-2020 at 12:47:30   RT = 1866.0   LT = 1800.0
            DS50-19098140 MCB 1
             
ROI#   RANGE( keV)    GROSS      NET   +/-  CENTROID  FWHM FW(1/5)M LIBRARY ( keV)       Bq    +/-
 1   11.36   18.43    41525     5592   345    15.74   0.24   2.39   Y-88     15.80      0.00   0.00
 2   22.55  127.34   442228  -291705  6530    25.20   0.29   0.47   Sb-122   25.27      0.00   0.00
 3  129.70  136.76    57705    24026   361   133.06   1.92   2.96   Hf-181  133.02      0.00   0.00
 4  140.00  420.82  1455625   242297 13861   205.44  72.25 131.17   U-235   205.31      0.00   0.00
 5  424.05  431.41    34106     2000   330   427.67   1.91   2.98   Sb-125  427.88      0.00   0.00
 6  493.23  500.29    52347    20489   348   496.80   2.05   3.09   Ru-103  497.08      0.00   0.00
 7  507.95  515.01    62902    32548   358   511.58   2.08   3.15   W-187   511.66      0.00   0.00
 8  565.64  572.70    33052     1619   318   569.13   2.17   3.38   Cs-134  569.33      0.00   0.00
 9  600.96  608.03    40471     8413   331   604.47   2.06   3.12   Cs-134  604.72      0.00   0.00
10  618.33  625.39    46402    15598   336   621.73   2.11   3.19   Mo-99   621.77      0.00   0.00
11  657.77  664.84   191872   161243   508   661.36   2.14   3.29   Cs-137  661.66      0.00   0.00
12  692.80  699.86    52999    25520   335   696.20   2.17   3.29   Kr-89   696.24      0.00   0.00
13  720.47  727.53   191597   163122   503   723.90   2.17   3.31   Zr-95   724.20      0.00   0.00
14  752.85  759.91   227284   201651   531   756.43   2.19   3.36   Zr-95   756.73      0.00   0.00
15  761.97  769.04   804325   782775   922   765.50   2.20   3.36   Tb-160  765.28      0.00   0.00
16  792.00  805.24    10766     8788   148   795.54   2.28   3.43   Cs-134  795.86      0.00   0.00
17  869.41  876.77     1583      712    60   873.25   2.33   3.48   Eu-154  873.19      0.00   0.00
18  878.54 1040.43    14843      241  1151  1038.68   1.46   3.23   Cs-134 1038.61      0.00   0.00
19 1046.32 1053.67     2774     2176    64  1050.13   2.39   3.61   Rh-106 1050.41      0.00   0.00
20 1124.02 1131.09      966      524    43  1127.92   2.30   3.81   Rh-106 1128.07      0.00   0.00
21 1201.14 1208.21      942      579    41  1204.35   2.32   3.53   Y-91   1204.67      0.00   0.00
22 1211.44 1451.04    10665     1292  1124  1365.21   2.57   4.13   Cs-134 1365.19      0.00   0.00
23 1457.22 1464.29     1080      780    41  1460.95   2.64   3.93   K-40   1461.00      0.00   0.00
24 1485.19 1492.54     5061     4636    77  1488.96   2.62   3.99   Sb-124 1488.89      0.00   0.00
25 1501.37 2166.29    12129      452  2094  1562.12   2.31   3.88   Rh-106 1562.25      0.00   0.00
26 2182.18 2189.25    10513     9159   115  2185.64   2.93   4.38   Pr-144 2185.66      0.00   0.00